<?xml version="1.0" encoding="UTF-8"?>
<testsuite name="Phone_Number_Required_Validation" tests="1" skipped="0" failures="0" errors="0" timestamp="2021-05-19T16:07:37" hostname="dru" time="63.252">
  <properties/>
  <testcase name="test" classname="Phone_Number_Required_Validation" time="63.252"/>
  <system-out><![CDATA[]]></system-out>
  <system-err><![CDATA[May 19, 2021 7:08:24 PM io.appium.java_client.remote.AppiumCommandExecutor$1 lambda$0
INFO: Detected dialect: W3C
]]></system-err>
</testsuite>
